<?xml version="1.0" encoding="UTF-8"?>
<!-- Generated by org.testng.reporters.JUnitXMLReporter -->
<testsuite hostname="DESKTOP-DPN1ULJ" failures="1" tests="2" name="Test" time="17.681" errors="0" timestamp="29 Jan 2018 09:35:32 GMT">
  <testcase classname="aceCounterPlus.adminManage" name="login" time="2.797"/>
  <testcase classname="aceCounterPlus.adminManage" name="mailing_summartReport" time="9.977">
    <failure type="com.codeborne.selenide.ex.ElementNotFound" message="Element not found {#btn-save}
Expected: exist">
      <![CDATA[Element not found {#btn-save}
Expected: exist
Screenshot: file:/E:/000.%20Selenium/eclipse/eclipse-workspace/aceCounterPlus/build/reports/tests/1517218532328.0.png
Page source: file:/E:/000.%20Selenium/eclipse/eclipse-workspace/aceCounterPlus/build/reports/tests/1517218532328.0.html
Timeout: 4 s.
Caused by: WebDriverException: unknown error: Element <button id="btn-save" class="btn btn-info btn-lg w200">...</button> is not clickable at point (930, 573). Other element would receive the click: <div class="modal-backdrop fade in" style="height: 868px;"></div>
	at com.codeborne.selenide.impl.WebElementSource.createElementNotFoundError(WebElementSource.java:31)
	at com.codeborne.selenide.impl.ElementFinder.createElementNotFoundError(ElementFinder.java:82)
	at com.codeborne.selenide.impl.SelenideElementProxy.dispatchAndRetry(SelenideElementProxy.java:116)
	at com.codeborne.selenide.impl.SelenideElementProxy.invoke(SelenideElementProxy.java:63)
	at com.sun.proxy.$Proxy11.click(Unknown Source)
	at aceCounterPlus.adminManage.mailing_summartReport(adminManage.java:168)
Caused by: org.openqa.selenium.WebDriverException: unknown error: Element <button id="btn-save" class="btn btn-info btn-lg w200">...</button> is not clickable at point (930, 573). Other element would receive the click: <div class="modal-backdrop fade in" style="height: 868px;"></div>
  (Session info: chrome=64.0.3282.119)
  (Driver info: chromedriver=2.34.522940 (1a76f96f66e3ca7b8e57d503b4dd3bccfba87af1),platform=Windows NT 10.0.16299 x86_64) (WARNING: The server did not provide any stacktrace information)
Command duration or timeout: 0 milliseconds
Build info: version: '3.6.0', revision: '6fbf3ec767', time: '2017-09-27T15:28:36.4Z'
System info: host: 'DESKTOP-DPN1ULJ', ip: '10.77.129.79', os.name: 'Windows 10', os.arch: 'amd64', os.version: '10.0', java.version: '9.0.1'
Driver info: org.openqa.selenium.remote.RemoteWebDriver
Capabilities [{mobileEmulationEnabled=false, hasTouchScreen=false, platform=XP, acceptSslCerts=true, webStorageEnabled=true, browserName=chrome, takesScreenshot=true, javascriptEnabled=true, platformName=XP, setWindowRect=true, unexpectedAlertBehaviour=, applicationCacheEnabled=false, rotatable=false, networkConnectionEnabled=false, chrome={chromedriverVersion=2.34.522940 (1a76f96f66e3ca7b8e57d503b4dd3bccfba87af1), userDataDir=C:\Users\최영권\AppData\Local\Temp\scoped_dir13448_8847}, takesHeapSnapshot=true, pageLoadStrategy=normal, unhandledPromptBehavior=, databaseEnabled=false, handlesAlerts=true, version=64.0.3282.119, browserConnectionEnabled=false, nativeEvents=true, locationContextEnabled=true, cssSelectorsEnabled=true}]
Session ID: 8d0c5d494d0996114ec6e73287727096
	at org.openqa.selenium.remote.ErrorHandler.createThrowable(ErrorHandler.java:214)
	at org.openqa.selenium.remote.ErrorHandler.throwIfResponseFailed(ErrorHandler.java:166)
	at org.openqa.selenium.remote.http.JsonHttpResponseCodec.reconstructValue(JsonHttpResponseCodec.java:40)
	at org.openqa.selenium.remote.http.AbstractHttpResponseCodec.decode(AbstractHttpResponseCodec.java:82)
	at org.openqa.selenium.remote.http.AbstractHttpResponseCodec.decode(AbstractHttpResponseCodec.java:45)
	at org.openqa.selenium.remote.HttpCommandExecutor.execute(HttpCommandExecutor.java:164)
	at org.openqa.selenium.remote.RemoteWebDriver.execute(RemoteWebDriver.java:586)
	at org.openqa.selenium.remote.RemoteWebElement.execute(RemoteWebElement.java:279)
	at org.openqa.selenium.remote.RemoteWebElement.click(RemoteWebElement.java:83)
	at com.codeborne.selenide.commands.Click.click(Click.java:29)
	at com.codeborne.selenide.commands.Click.execute(Click.java:16)
	at com.codeborne.selenide.commands.Click.execute(Click.java:12)
	at com.codeborne.selenide.commands.Commands.execute(Commands.java:144)
	at com.codeborne.selenide.impl.SelenideElementProxy.dispatchAndRetry(SelenideElementProxy.java:87)
	... 30 more
... Removed 30 stack frames]]>
    </failure>
  </testcase> <!-- mailing_summartReport -->
</testsuite> <!-- Test -->
