<?xml version="1.0" encoding="UTF-8"?>
<!-- Generated by org.testng.reporters.JUnitXMLReporter -->
<testsuite ignored="0" hostname="DESKTOP-DPN1ULJ" failures="0" tests="4" name="Test" time="45.126" errors="0" timestamp="24 5월 2018 09:29:22 GMT">
  <testcase classname="aceCounterPlus.marketingInflowSetting" name="mktInflowSetting_add" time="17.453"/>
  <testcase classname="aceCounterPlus.marketingInflowSetting" name="mktInflowSetting_del" time="7.971"/>
  <testcase classname="aceCounterPlus.marketingInflowSetting" name="advertisingCodeDownload" time="4.33"/>
  <testcase classname="aceCounterPlus.marketingInflowSetting" name="advertisingProductManage_add" time="10.253"/>
</testsuite> <!-- Test -->
