<?xml version="1.0" encoding="UTF-8"?>
<!-- Generated by org.testng.reporters.JUnitXMLReporter -->
<testsuite ignored="0" hostname="DESKTOP-DPN1ULJ" failures="0" tests="5" name="Test" time="55.306" errors="0" timestamp="25 5월 2018 05:36:46 GMT">
  <testcase classname="aceCounterPlus.marketingInflowSetting" name="mktInflowSetting_add" time="17.478"/>
  <testcase classname="aceCounterPlus.marketingInflowSetting" name="mktInflowSetting_del" time="7.92"/>
  <testcase classname="aceCounterPlus.marketingInflowSetting" name="advertisingCodeDownload" time="4.338"/>
  <testcase classname="aceCounterPlus.marketingInflowSetting" name="advertisingProductManage_add" time="14.199"/>
  <testcase classname="aceCounterPlus.marketingInflowSetting" name="advertisingProductManage_del" time="5.525"/>
</testsuite> <!-- Test -->
