<?xml version="1.0" encoding="UTF-8"?>
<!-- Generated by org.testng.reporters.JUnitXMLReporter -->
<testsuite hostname="DESKTOP-DPN1ULJ" failures="1" tests="2" name="Test" time="12.694" errors="0" timestamp="26 Jan 2018 09:31:15 GMT">
  <testcase classname="aceCounterPlus.frontPage" name="login" time="1.688"/>
  <testcase classname="aceCounterPlus.frontPage" name="product" time="5.276">
    <failure type="com.codeborne.selenide.ex.ElementShould" message="Element should be visible {.go_product_info}
Element: &amp;apos;&amp;lt;a class=&amp;quot;go_product_info&amp;quot; href=&amp;quot;#&amp;quot; displayed:false&amp;gt;&amp;lt;/a&amp;gt;&amp;apos;">
      <![CDATA[Element should be visible {.go_product_info}
Element: '<a class="go_product_info" href="#" displayed:false></a>'
Screenshot: file:/E:/Selenium/eclipse/eclipse-workspace/aceCounterPlus/build/reports/tests/1516959075386.0.png
Page source: file:/E:/Selenium/eclipse/eclipse-workspace/aceCounterPlus/build/reports/tests/1516959075386.0.html
Timeout: 4 s.
	at com.codeborne.selenide.impl.WebElementSource.checkCondition(WebElementSource.java:66)
	at com.codeborne.selenide.impl.WebElementSource.findAndAssertElementIsVisible(WebElementSource.java:72)
	at com.codeborne.selenide.commands.Click.execute(Click.java:16)
	at com.codeborne.selenide.commands.Click.execute(Click.java:12)
	at com.codeborne.selenide.commands.Commands.execute(Commands.java:144)
	at com.codeborne.selenide.impl.SelenideElementProxy.dispatchAndRetry(SelenideElementProxy.java:87)
	at com.codeborne.selenide.impl.SelenideElementProxy.invoke(SelenideElementProxy.java:63)
	at com.sun.proxy.$Proxy11.click(Unknown Source)
	at aceCounterPlus.frontPage.product(frontPage.java:100)
... Removed 27 stack frames]]>
    </failure>
  </testcase> <!-- product -->
</testsuite> <!-- Test -->
