<?xml version="1.0" encoding="UTF-8"?>
<!-- Generated by org.testng.reporters.JUnitXMLReporter -->
<testsuite ignored="0" hostname="DESKTOP-DPN1ULJ" failures="0" tests="27" name="Test" time="93.097" errors="0" timestamp="12 6월 2018 01:39:06 GMT">
  <testcase classname="aceCounterPlus.contentSetting" name="URLSetting_URLInclusion" time="7.965"/>
  <testcase classname="aceCounterPlus.contentSetting" name="URLSetting_URLExcept_Add" time="4.654"/>
  <testcase classname="aceCounterPlus.contentSetting" name="URLSetting_URLExcept_search" time="3.016"/>
  <testcase classname="aceCounterPlus.contentSetting" name="URLSetting_URLExcept_del" time="2.809"/>
  <testcase classname="aceCounterPlus.contentSetting" name="URLSetting_innerSearch_add" time="3.652"/>
  <testcase classname="aceCounterPlus.contentSetting" name="URLSetting_innerSearch_duplicationAdd" time="1.446"/>
  <testcase classname="aceCounterPlus.contentSetting" name="URLSetting_innerSearch_search" time="3.558"/>
  <testcase classname="aceCounterPlus.contentSetting" name="URLSetting_innerSearch_del" time="2.706"/>
  <testcase classname="aceCounterPlus.contentSetting" name="pageGroupSetting_menuAddDel" time="2.291"/>
  <testcase classname="aceCounterPlus.contentSetting" name="pageGroupSetting_pageManage" time="1.38"/>
  <testcase classname="aceCounterPlus.contentSetting" name="pageGroupSetting_patternRegister" time="2.401"/>
  <testcase classname="aceCounterPlus.contentSetting" name="pageGroupSetting_patternManagement" time="2.786"/>
  <testcase classname="aceCounterPlus.contentSetting" name="pageGroupSetting_pageUpload" time="0.298"/>
  <testcase classname="aceCounterPlus.contentSetting" name="innerBanner_add" time="5.315"/>
  <testcase classname="aceCounterPlus.contentSetting" name="innerBanner_duplicationAdd" time="2.028"/>
  <testcase classname="aceCounterPlus.contentSetting" name="innerBanner_search" time="1.313"/>
  <testcase classname="aceCounterPlus.contentSetting" name="innerBanner_linkURLdownload" time="0.637"/>
  <testcase classname="aceCounterPlus.contentSetting" name="innerBanner_del" time="2.805"/>
  <testcase classname="aceCounterPlus.contentSetting" name="fileDownload_add" time="2.502"/>
  <testcase classname="aceCounterPlus.contentSetting" name="fileDownload_duplicationAdd" time="1.343"/>
  <testcase classname="aceCounterPlus.contentSetting" name="fileDownload_search" time="2.822"/>
  <testcase classname="aceCounterPlus.contentSetting" name="fileDownload_del" time="2.694"/>
  <testcase classname="aceCounterPlus.contentSetting" name="outLinkBanner_add" time="5.789"/>
  <testcase classname="aceCounterPlus.contentSetting" name="outLinkBanner_duplicationAdd" time="2.222"/>
  <testcase classname="aceCounterPlus.contentSetting" name="outLinkBanner_search" time="2.926"/>
  <testcase classname="aceCounterPlus.contentSetting" name="outLinkBanner_modify" time="3.144"/>
  <testcase classname="aceCounterPlus.contentSetting" name="outLinkBanner_del" time="3.269"/>
</testsuite> <!-- Test -->
