<?xml version="1.0" encoding="UTF-8"?>
<!-- Generated by org.testng.reporters.JUnitXMLReporter -->
<testsuite hostname="DESKTOP-DPN1ULJ" failures="1" tests="1" name="Test" time="426.685" errors="0" timestamp="12 Feb 2018 01:43:46 GMT">
  <testcase classname="aceCounterPlus.testScript" name="appPage" time="421.301">
    <failure type="org.openqa.selenium.WebDriverException" message="Reached error page: about:neterror?e=dnsNotFound&amp;amp;u=http%3A//0testtest.com/&amp;amp;c=UTF-8&amp;amp;f=regular&amp;amp;d=0testtest.com%EC%97%90%20%EC%9E%88%EB%8A%94%20%EC%84%9C%EB%B2%84%EC%97%90%20%EC%A0%91%EC%86%8D%ED%95%A0%20%EC%88%98%20%EC%97%86%EC%8A%B5%EB%8B%88%EB%8B%A4.
Build info: version: &amp;apos;3.6.0&amp;apos;, revision: &amp;apos;6fbf3ec767&amp;apos;, time: &amp;apos;2017-09-27T15:28:36.4Z&amp;apos;
System info: host: &amp;apos;DESKTOP-DPN1ULJ&amp;apos;, ip: &amp;apos;10.77.129.79&amp;apos;, os.name: &amp;apos;Windows 10&amp;apos;, os.arch: &amp;apos;amd64&amp;apos;, os.version: &amp;apos;10.0&amp;apos;, java.version: &amp;apos;9.0.1&amp;apos;
Driver info: org.openqa.selenium.firefox.FirefoxDriver
selenide.url: https://mbr.acecounter.com:10000/v1/bridge?sid=111283&amp;amp;nac_md=normal_mkt&amp;amp;nac_cpi=35&amp;amp;nac_m=1&amp;amp;nac_c=35&amp;amp;nac_sm=%EC%9D%BC%EB%B0%98-%EB%8B%A4%EC%9D%8Cadam-%EA%B4%91%EA%B3%A0%EC%83%81%ED%92%88-url&amp;amp;nac_s=100	
Capabilities [{moz:profile=C:\Users\최영권\AppData\Local\Temp\rust_mozprofile.aWIzw8zCSDqb, rotatable=false, timeouts={implicit=0, pageLoad=300000, script=30000}, pageLoadStrategy=normal, moz:headless=false, platform=XP, moz:accessibilityChecks=false, acceptInsecureCerts=true, browserVersion=58.0.2, platformVersion=10.0, moz:processID=14736, browserName=firefox, javascriptEnabled=true, platformName=XP, moz:webdriverClick=true}]
selenide.baseUrl: http://localhost:8080
Session ID: 4eb3585a-0373-4f0e-b7e6-ffe8817c1e1e">
      <![CDATA[org.openqa.selenium.WebDriverException: Reached error page: about:neterror?e=dnsNotFound&u=http%3A//0testtest.com/&c=UTF-8&f=regular&d=0testtest.com%EC%97%90%20%EC%9E%88%EB%8A%94%20%EC%84%9C%EB%B2%84%EC%97%90%20%EC%A0%91%EC%86%8D%ED%95%A0%20%EC%88%98%20%EC%97%86%EC%8A%B5%EB%8B%88%EB%8B%A4.
Build info: version: '3.6.0', revision: '6fbf3ec767', time: '2017-09-27T15:28:36.4Z'
System info: host: 'DESKTOP-DPN1ULJ', ip: '10.77.129.79', os.name: 'Windows 10', os.arch: 'amd64', os.version: '10.0', java.version: '9.0.1'
Driver info: org.openqa.selenium.firefox.FirefoxDriver
selenide.url: https://mbr.acecounter.com:10000/v1/bridge?sid=111283&nac_md=normal_mkt&nac_cpi=35&nac_m=1&nac_c=35&nac_sm=%EC%9D%BC%EB%B0%98-%EB%8B%A4%EC%9D%8Cadam-%EA%B4%91%EA%B3%A0%EC%83%81%ED%92%88-url&nac_s=100	
Capabilities [{moz:profile=C:\Users\최영권\AppData\Local\Temp\rust_mozprofile.aWIzw8zCSDqb, rotatable=false, timeouts={implicit=0, pageLoad=300000, script=30000}, pageLoadStrategy=normal, moz:headless=false, platform=XP, moz:accessibilityChecks=false, acceptInsecureCerts=true, browserVersion=58.0.2, platformVersion=10.0, moz:processID=14736, browserName=firefox, javascriptEnabled=true, platformName=XP, moz:webdriverClick=true}]
selenide.baseUrl: http://localhost:8080
Session ID: 4eb3585a-0373-4f0e-b7e6-ffe8817c1e1e
	at org.openqa.selenium.remote.http.W3CHttpResponseCodec.createException(W3CHttpResponseCodec.java:185)
	at org.openqa.selenium.remote.http.W3CHttpResponseCodec.decode(W3CHttpResponseCodec.java:120)
	at org.openqa.selenium.remote.http.W3CHttpResponseCodec.decode(W3CHttpResponseCodec.java:49)
	at org.openqa.selenium.remote.HttpCommandExecutor.execute(HttpCommandExecutor.java:164)
	at org.openqa.selenium.remote.service.DriverCommandExecutor.execute(DriverCommandExecutor.java:83)
	at org.openqa.selenium.remote.RemoteWebDriver.execute(RemoteWebDriver.java:586)
	at org.openqa.selenium.remote.RemoteWebDriver.get(RemoteWebDriver.java:310)
	at org.openqa.selenium.remote.RemoteWebDriver$RemoteNavigation.to(RemoteWebDriver.java:897)
	at com.codeborne.selenide.impl.Navigator.navigateToAbsoluteUrl(Navigator.java:67)
	at com.codeborne.selenide.impl.Navigator.open(Navigator.java:30)
	at com.codeborne.selenide.Selenide.open(Selenide.java:79)
	at com.codeborne.selenide.Selenide.open(Selenide.java:53)
	at aceCounterPlus.testScript.appPage(testScript.java:230)
... Removed 31 stack frames]]>
    </failure>
  </testcase> <!-- appPage -->
</testsuite> <!-- Test -->
