<?xml version="1.0" encoding="UTF-8"?>
<testng-results total="1" passed="0" failed="1" skipped="0">
  <reporter-output>
  </reporter-output>
  <suite started-at="2018-02-12T01:36:39Z" name="Suite" finished-at="2018-02-12T01:43:46Z" duration-ms="426685">
    <groups>
    </groups>
    <test started-at="2018-02-12T01:36:39Z" name="Test" finished-at="2018-02-12T01:43:46Z" duration-ms="426685">
      <class name="aceCounterPlus.testScript">
        <test-method is-config="true" signature="beforeTest(java.lang.String)[pri:0, instance:aceCounterPlus.testScript@206a70ef]" started-at="2018-02-12T10:36:39Z" name="beforeTest" finished-at="2018-02-12T10:36:44Z" duration-ms="4797" status="PASS">
          <params>
            <param index="0">
              <value>
                <![CDATA[chrome]]>
              </value>
            </param>
          </params>
          <reporter-output>
          </reporter-output>
        </test-method> <!-- beforeTest -->
        <test-method signature="appPage()[pri:3, instance:aceCounterPlus.testScript@206a70ef]" started-at="2018-02-12T10:36:44Z" name="appPage" finished-at="2018-02-12T10:43:45Z" duration-ms="421301" status="FAIL">
          <exception class="org.openqa.selenium.WebDriverException">
            <message>
              <![CDATA[Reached error page: about:neterror?e=dnsNotFound&u=http%3A//0testtest.com/&c=UTF-8&f=regular&d=0testtest.com%EC%97%90%20%EC%9E%88%EB%8A%94%20%EC%84%9C%EB%B2%84%EC%97%90%20%EC%A0%91%EC%86%8D%ED%95%A0%20%EC%88%98%20%EC%97%86%EC%8A%B5%EB%8B%88%EB%8B%A4.
Build info: version: '3.6.0', revision: '6fbf3ec767', time: '2017-09-27T15:28:36.4Z'
System info: host: 'DESKTOP-DPN1ULJ', ip: '10.77.129.79', os.name: 'Windows 10', os.arch: 'amd64', os.version: '10.0', java.version: '9.0.1'
Driver info: org.openqa.selenium.firefox.FirefoxDriver
selenide.url: https://mbr.acecounter.com:10000/v1/bridge?sid=111283&nac_md=normal_mkt&nac_cpi=35&nac_m=1&nac_c=35&nac_sm=%EC%9D%BC%EB%B0%98-%EB%8B%A4%EC%9D%8Cadam-%EA%B4%91%EA%B3%A0%EC%83%81%ED%92%88-url&nac_s=100	
Capabilities [{moz:profile=C:\Users\최영권\AppData\Local\Temp\rust_mozprofile.aWIzw8zCSDqb, rotatable=false, timeouts={implicit=0, pageLoad=300000, script=30000}, pageLoadStrategy=normal, moz:headless=false, platform=XP, moz:accessibilityChecks=false, acceptInsecureCerts=true, browserVersion=58.0.2, platformVersion=10.0, moz:processID=14736, browserName=firefox, javascriptEnabled=true, platformName=XP, moz:webdriverClick=true}]
selenide.baseUrl: http://localhost:8080
Session ID: 4eb3585a-0373-4f0e-b7e6-ffe8817c1e1e]]>
            </message>
            <full-stacktrace>
              <![CDATA[org.openqa.selenium.WebDriverException: Reached error page: about:neterror?e=dnsNotFound&u=http%3A//0testtest.com/&c=UTF-8&f=regular&d=0testtest.com%EC%97%90%20%EC%9E%88%EB%8A%94%20%EC%84%9C%EB%B2%84%EC%97%90%20%EC%A0%91%EC%86%8D%ED%95%A0%20%EC%88%98%20%EC%97%86%EC%8A%B5%EB%8B%88%EB%8B%A4.
Build info: version: '3.6.0', revision: '6fbf3ec767', time: '2017-09-27T15:28:36.4Z'
System info: host: 'DESKTOP-DPN1ULJ', ip: '10.77.129.79', os.name: 'Windows 10', os.arch: 'amd64', os.version: '10.0', java.version: '9.0.1'
Driver info: org.openqa.selenium.firefox.FirefoxDriver
selenide.url: https://mbr.acecounter.com:10000/v1/bridge?sid=111283&nac_md=normal_mkt&nac_cpi=35&nac_m=1&nac_c=35&nac_sm=%EC%9D%BC%EB%B0%98-%EB%8B%A4%EC%9D%8Cadam-%EA%B4%91%EA%B3%A0%EC%83%81%ED%92%88-url&nac_s=100	
Capabilities [{moz:profile=C:\Users\최영권\AppData\Local\Temp\rust_mozprofile.aWIzw8zCSDqb, rotatable=false, timeouts={implicit=0, pageLoad=300000, script=30000}, pageLoadStrategy=normal, moz:headless=false, platform=XP, moz:accessibilityChecks=false, acceptInsecureCerts=true, browserVersion=58.0.2, platformVersion=10.0, moz:processID=14736, browserName=firefox, javascriptEnabled=true, platformName=XP, moz:webdriverClick=true}]
selenide.baseUrl: http://localhost:8080
Session ID: 4eb3585a-0373-4f0e-b7e6-ffe8817c1e1e
	at java.base/jdk.internal.reflect.NativeConstructorAccessorImpl.newInstance0(Native Method)
	at java.base/jdk.internal.reflect.NativeConstructorAccessorImpl.newInstance(Unknown Source)
	at java.base/jdk.internal.reflect.DelegatingConstructorAccessorImpl.newInstance(Unknown Source)
	at java.base/java.lang.reflect.Constructor.newInstance(Unknown Source)
	at org.openqa.selenium.remote.http.W3CHttpResponseCodec.createException(W3CHttpResponseCodec.java:185)
	at org.openqa.selenium.remote.http.W3CHttpResponseCodec.decode(W3CHttpResponseCodec.java:120)
	at org.openqa.selenium.remote.http.W3CHttpResponseCodec.decode(W3CHttpResponseCodec.java:49)
	at org.openqa.selenium.remote.HttpCommandExecutor.execute(HttpCommandExecutor.java:164)
	at org.openqa.selenium.remote.service.DriverCommandExecutor.execute(DriverCommandExecutor.java:83)
	at org.openqa.selenium.remote.RemoteWebDriver.execute(RemoteWebDriver.java:586)
	at org.openqa.selenium.remote.RemoteWebDriver.get(RemoteWebDriver.java:310)
	at org.openqa.selenium.remote.RemoteWebDriver$RemoteNavigation.to(RemoteWebDriver.java:897)
	at com.codeborne.selenide.impl.Navigator.navigateToAbsoluteUrl(Navigator.java:67)
	at com.codeborne.selenide.impl.Navigator.open(Navigator.java:30)
	at com.codeborne.selenide.Selenide.open(Selenide.java:79)
	at com.codeborne.selenide.Selenide.open(Selenide.java:53)
	at aceCounterPlus.testScript.appPage(testScript.java:230)
	at java.base/jdk.internal.reflect.NativeMethodAccessorImpl.invoke0(Native Method)
	at java.base/jdk.internal.reflect.NativeMethodAccessorImpl.invoke(Unknown Source)
	at java.base/jdk.internal.reflect.DelegatingMethodAccessorImpl.invoke(Unknown Source)
	at java.base/java.lang.reflect.Method.invoke(Unknown Source)
	at org.testng.internal.MethodInvocationHelper.invokeMethod(MethodInvocationHelper.java:86)
	at org.testng.internal.Invoker.invokeMethod(Invoker.java:643)
	at org.testng.internal.Invoker.invokeTestMethod(Invoker.java:820)
	at org.testng.internal.Invoker.invokeTestMethods(Invoker.java:1128)
	at org.testng.internal.TestMethodWorker.invokeTestMethods(TestMethodWorker.java:129)
	at org.testng.internal.TestMethodWorker.run(TestMethodWorker.java:112)
	at org.testng.TestRunner.privateRun(TestRunner.java:782)
	at org.testng.TestRunner.run(TestRunner.java:632)
	at org.testng.SuiteRunner.runTest(SuiteRunner.java:366)
	at org.testng.SuiteRunner.runSequentially(SuiteRunner.java:361)
	at org.testng.SuiteRunner.privateRun(SuiteRunner.java:319)
	at org.testng.SuiteRunner.run(SuiteRunner.java:268)
	at org.testng.SuiteRunnerWorker.runSuite(SuiteRunnerWorker.java:52)
	at org.testng.SuiteRunnerWorker.run(SuiteRunnerWorker.java:86)
	at org.testng.TestNG.runSuitesSequentially(TestNG.java:1244)
	at org.testng.TestNG.runSuitesLocally(TestNG.java:1169)
	at org.testng.TestNG.run(TestNG.java:1064)
	at org.apache.maven.surefire.testng.TestNGExecutor.run(TestNGExecutor.java:283)
	at org.apache.maven.surefire.testng.TestNGXmlTestSuite.execute(TestNGXmlTestSuite.java:75)
	at org.apache.maven.surefire.testng.TestNGProvider.invoke(TestNGProvider.java:120)
	at org.apache.maven.surefire.booter.ForkedBooter.invokeProviderInSameClassLoader(ForkedBooter.java:386)
	at org.apache.maven.surefire.booter.ForkedBooter.runSuitesInProcess(ForkedBooter.java:323)
	at org.apache.maven.surefire.booter.ForkedBooter.main(ForkedBooter.java:143)
]]>
            </full-stacktrace>
          </exception> <!-- org.openqa.selenium.WebDriverException -->
          <reporter-output>
          </reporter-output>
        </test-method> <!-- appPage -->
        <test-method is-config="true" signature="afterTest()[pri:0, instance:aceCounterPlus.testScript@206a70ef]" started-at="2018-02-12T10:43:45Z" name="afterTest" finished-at="2018-02-12T10:43:46Z" duration-ms="575" status="PASS">
          <reporter-output>
          </reporter-output>
        </test-method> <!-- afterTest -->
      </class> <!-- aceCounterPlus.testScript -->
    </test> <!-- Test -->
  </suite> <!-- Suite -->
</testng-results>
