<?xml version="1.0" encoding="UTF-8"?>
<testsuite xmlns:xsi="http://www.w3.org/2001/XMLSchema-instance" xsi:noNamespaceSchemaLocation="https://maven.apache.org/surefire/maven-surefire-plugin/xsd/surefire-test-report.xsd" name="TestSuite" time="25.522" tests="4" errors="0" skipped="0" failures="0">
  <properties>
[...]
</properties>
  <testcase name="login" classname="aceCounterPlus.signUp" time="6.099"/>
  <testcase name="changePassword" classname="aceCounterPlus.signUp" time="4.985"/>
  <testcase name="addMarketing_add" classname="aceCounterPlus.signUp" time="6.804"/>
  <testcase name="addMarketing_del" classname="aceCounterPlus.signUp" time="1.935"/>
</testsuite>