<?xml version="1.0" encoding="UTF-8"?>
<testng-results ignored="0" total="5" passed="5" failed="0" skipped="0">
  <reporter-output>
  </reporter-output>
  <suite started-at="2018-05-25T05:35:51Z" name="Suite" finished-at="2018-05-25T05:36:46Z" duration-ms="55306">
    <groups>
    </groups>
    <test started-at="2018-05-25T05:35:51Z" name="Test" finished-at="2018-05-25T05:36:46Z" duration-ms="55306">
      <class name="aceCounterPlus.marketingInflowSetting">
        <test-method is-config="true" signature="beforeTest(java.lang.String)[pri:0, instance:aceCounterPlus.marketingInflowSetting@385c9627]" started-at="2018-05-25T14:35:51Z" name="beforeTest" finished-at="2018-05-25T14:35:56Z" duration-ms="5482" status="PASS">
          <params>
            <param index="0">
              <value>
                <![CDATA[firefox]]>
              </value>
            </param>
          </params>
          <reporter-output>
          </reporter-output>
        </test-method> <!-- beforeTest -->
        <test-method signature="mktInflowSetting_add()[pri:0, instance:aceCounterPlus.marketingInflowSetting@385c9627]" started-at="2018-05-25T14:35:56Z" name="mktInflowSetting_add" finished-at="2018-05-25T14:36:14Z" duration-ms="17478" status="PASS">
          <reporter-output>
          </reporter-output>
        </test-method> <!-- mktInflowSetting_add -->
        <test-method signature="mktInflowSetting_del()[pri:1, instance:aceCounterPlus.marketingInflowSetting@385c9627]" started-at="2018-05-25T14:36:14Z" name="mktInflowSetting_del" finished-at="2018-05-25T14:36:22Z" duration-ms="7920" status="PASS">
          <reporter-output>
          </reporter-output>
        </test-method> <!-- mktInflowSetting_del -->
        <test-method signature="advertisingCodeDownload()[pri:2, instance:aceCounterPlus.marketingInflowSetting@385c9627]" started-at="2018-05-25T14:36:22Z" name="advertisingCodeDownload" finished-at="2018-05-25T14:36:26Z" duration-ms="4338" status="PASS">
          <reporter-output>
          </reporter-output>
        </test-method> <!-- advertisingCodeDownload -->
        <test-method signature="advertisingProductManage_add()[pri:3, instance:aceCounterPlus.marketingInflowSetting@385c9627]" started-at="2018-05-25T14:36:26Z" name="advertisingProductManage_add" finished-at="2018-05-25T14:36:40Z" duration-ms="14199" status="PASS">
          <reporter-output>
          </reporter-output>
        </test-method> <!-- advertisingProductManage_add -->
        <test-method signature="advertisingProductManage_del()[pri:4, instance:aceCounterPlus.marketingInflowSetting@385c9627]" started-at="2018-05-25T14:36:40Z" name="advertisingProductManage_del" finished-at="2018-05-25T14:36:46Z" duration-ms="5525" status="PASS">
          <reporter-output>
          </reporter-output>
        </test-method> <!-- advertisingProductManage_del -->
        <test-method is-config="true" signature="afterTest()[pri:0, instance:aceCounterPlus.marketingInflowSetting@385c9627]" started-at="2018-05-25T14:36:46Z" name="afterTest" finished-at="2018-05-25T14:36:46Z" duration-ms="354" status="PASS">
          <reporter-output>
          </reporter-output>
        </test-method> <!-- afterTest -->
      </class> <!-- aceCounterPlus.marketingInflowSetting -->
    </test> <!-- Test -->
  </suite> <!-- Suite -->
</testng-results>
