<?xml version="1.0" encoding="UTF-8"?>
<testng-results ignored="0" total="1" passed="1" failed="0" skipped="0">
  <reporter-output>
  </reporter-output>
  <suite started-at="2018-06-12T01:46:12Z" name="Suite" finished-at="2018-06-12T01:46:27Z" duration-ms="14202">
    <groups>
    </groups>
    <test started-at="2018-06-12T01:46:12Z" name="Test" finished-at="2018-06-12T01:46:27Z" duration-ms="14202">
      <class name="aceCounterPlus.signUp">
        <test-method is-config="true" signature="beforeTest(java.lang.String)[pri:0, instance:aceCounterPlus.signUp@dd05255]" started-at="2018-06-12T10:46:12Z" name="beforeTest" finished-at="2018-06-12T10:46:17Z" duration-ms="4985" status="PASS">
          <params>
            <param index="0">
              <value>
                <![CDATA[firefox]]>
              </value>
            </param>
          </params>
          <reporter-output>
          </reporter-output>
        </test-method> <!-- beforeTest -->
        <test-method signature="go_signup()[pri:0, instance:aceCounterPlus.signUp@dd05255]" started-at="2018-06-12T10:46:17Z" name="go_signup" finished-at="2018-06-12T10:46:26Z" duration-ms="8934" status="PASS">
          <reporter-output>
          </reporter-output>
        </test-method> <!-- go_signup -->
        <test-method is-config="true" signature="afterTest()[pri:0, instance:aceCounterPlus.signUp@dd05255]" started-at="2018-06-12T10:46:26Z" name="afterTest" finished-at="2018-06-12T10:46:27Z" duration-ms="274" status="PASS">
          <reporter-output>
          </reporter-output>
        </test-method> <!-- afterTest -->
      </class> <!-- aceCounterPlus.signUp -->
    </test> <!-- Test -->
  </suite> <!-- Suite -->
</testng-results>
