<?xml version="1.0" encoding="UTF-8"?>
<testng-results total="1" passed="1" failed="0" skipped="0">
  <reporter-output>
  </reporter-output>
  <suite started-at="2018-04-19T07:16:47Z" name="Suite" finished-at="2018-04-19T07:17:07Z" duration-ms="19878">
    <groups>
    </groups>
    <test started-at="2018-04-19T07:16:47Z" name="Test" finished-at="2018-04-19T07:17:07Z" duration-ms="19878">
      <class name="aceCounterPlus.memberInfo">
        <test-method is-config="true" signature="beforeTest(java.lang.String)[pri:0, instance:aceCounterPlus.memberInfo@131ef10]" started-at="2018-04-19T16:16:47Z" name="beforeTest" finished-at="2018-04-19T16:16:52Z" duration-ms="5073" status="PASS">
          <params>
            <param index="0">
              <value>
                <![CDATA[firefox]]>
              </value>
            </param>
          </params>
          <reporter-output>
          </reporter-output>
        </test-method> <!-- beforeTest -->
        <test-method signature="passwordChange()[pri:0, instance:aceCounterPlus.memberInfo@131ef10]" started-at="2018-04-19T16:16:52Z" name="passwordChange" finished-at="2018-04-19T16:17:06Z" duration-ms="14504" status="PASS">
          <reporter-output>
          </reporter-output>
        </test-method> <!-- passwordChange -->
        <test-method is-config="true" signature="afterTest()[pri:0, instance:aceCounterPlus.memberInfo@131ef10]" started-at="2018-04-19T16:17:06Z" name="afterTest" finished-at="2018-04-19T16:17:07Z" duration-ms="294" status="PASS">
          <reporter-output>
          </reporter-output>
        </test-method> <!-- afterTest -->
      </class> <!-- aceCounterPlus.memberInfo -->
    </test> <!-- Test -->
  </suite> <!-- Suite -->
</testng-results>
