<?xml version="1.0" encoding="UTF-8"?>
<testng-results total="1" passed="1" failed="0" skipped="0">
  <reporter-output>
  </reporter-output>
  <suite started-at="2018-04-18T08:51:15Z" name="Suite" finished-at="2018-04-18T08:51:28Z" duration-ms="13072">
    <groups>
    </groups>
    <test started-at="2018-04-18T08:51:15Z" name="Test" finished-at="2018-04-18T08:51:28Z" duration-ms="13072">
      <class name="aceCounterPlus.changePassword">
        <test-method is-config="true" signature="beforeTest(java.lang.String)[pri:0, instance:aceCounterPlus.changePassword@55b0dcab]" started-at="2018-04-18T17:51:15Z" name="beforeTest" finished-at="2018-04-18T17:51:20Z" duration-ms="4958" status="PASS">
          <params>
            <param index="0">
              <value>
                <![CDATA[firefox]]>
              </value>
            </param>
          </params>
          <reporter-output>
          </reporter-output>
        </test-method> <!-- beforeTest -->
        <test-method signature="passwordChange()[pri:0, instance:aceCounterPlus.changePassword@55b0dcab]" started-at="2018-04-18T17:51:20Z" name="passwordChange" finished-at="2018-04-18T17:51:27Z" duration-ms="7844" status="PASS">
          <reporter-output>
          </reporter-output>
        </test-method> <!-- passwordChange -->
        <test-method is-config="true" signature="afterTest()[pri:0, instance:aceCounterPlus.changePassword@55b0dcab]" started-at="2018-04-18T17:51:27Z" name="afterTest" finished-at="2018-04-18T17:51:28Z" duration-ms="266" status="PASS">
          <reporter-output>
          </reporter-output>
        </test-method> <!-- afterTest -->
      </class> <!-- aceCounterPlus.changePassword -->
    </test> <!-- Test -->
  </suite> <!-- Suite -->
</testng-results>
