<?xml version="1.0" encoding="UTF-8"?>
<testng-results ignored="0" total="1" passed="1" failed="0" skipped="0">
  <reporter-output>
  </reporter-output>
  <suite started-at="2018-05-24T08:46:18Z" name="Suite" finished-at="2018-05-24T08:46:42Z" duration-ms="24044">
    <groups>
    </groups>
    <test started-at="2018-05-24T08:46:18Z" name="Test" finished-at="2018-05-24T08:46:42Z" duration-ms="24044">
      <class name="aceCounterPlus.memberInfo">
        <test-method is-config="true" signature="beforeTest(java.lang.String)[pri:0, instance:aceCounterPlus.memberInfo@dd05255]" started-at="2018-05-24T17:46:18Z" name="beforeTest" finished-at="2018-05-24T17:46:23Z" duration-ms="4970" status="PASS">
          <params>
            <param index="0">
              <value>
                <![CDATA[firefox]]>
              </value>
            </param>
          </params>
          <reporter-output>
          </reporter-output>
        </test-method> <!-- beforeTest -->
        <test-method signature="memberInfoChange()[pri:0, instance:aceCounterPlus.memberInfo@dd05255]" started-at="2018-05-24T17:46:23Z" name="memberInfoChange" finished-at="2018-05-24T17:46:42Z" duration-ms="18793" status="PASS">
          <reporter-output>
          </reporter-output>
        </test-method> <!-- memberInfoChange -->
        <test-method is-config="true" signature="afterTest()[pri:0, instance:aceCounterPlus.memberInfo@dd05255]" started-at="2018-05-24T17:46:42Z" name="afterTest" finished-at="2018-05-24T17:46:42Z" duration-ms="274" status="PASS">
          <reporter-output>
          </reporter-output>
        </test-method> <!-- afterTest -->
      </class> <!-- aceCounterPlus.memberInfo -->
    </test> <!-- Test -->
  </suite> <!-- Suite -->
</testng-results>
