<?xml version="1.0" encoding="UTF-8"?>
<testng-results total="1" passed="1" failed="0" skipped="0">
  <reporter-output>
  </reporter-output>
  <suite started-at="2018-04-19T09:25:17Z" name="Suite" finished-at="2018-04-19T09:25:38Z" duration-ms="20965">
    <groups>
    </groups>
    <test started-at="2018-04-19T09:25:17Z" name="Test" finished-at="2018-04-19T09:25:38Z" duration-ms="20965">
      <class name="aceCounterPlus.memberInfo">
        <test-method is-config="true" signature="beforeTest(java.lang.String)[pri:0, instance:aceCounterPlus.memberInfo@131ef10]" started-at="2018-04-19T18:25:17Z" name="beforeTest" finished-at="2018-04-19T18:25:23Z" duration-ms="5240" status="PASS">
          <params>
            <param index="0">
              <value>
                <![CDATA[firefox]]>
              </value>
            </param>
          </params>
          <reporter-output>
          </reporter-output>
        </test-method> <!-- beforeTest -->
        <test-method signature="memberInfoChange()[pri:0, instance:aceCounterPlus.memberInfo@131ef10]" started-at="2018-04-19T18:25:23Z" name="memberInfoChange" finished-at="2018-04-19T18:25:38Z" duration-ms="15444" status="PASS">
          <reporter-output>
          </reporter-output>
        </test-method> <!-- memberInfoChange -->
        <test-method is-config="true" signature="afterTest()[pri:0, instance:aceCounterPlus.memberInfo@131ef10]" started-at="2018-04-19T18:25:38Z" name="afterTest" finished-at="2018-04-19T18:25:38Z" duration-ms="275" status="PASS">
          <reporter-output>
          </reporter-output>
        </test-method> <!-- afterTest -->
      </class> <!-- aceCounterPlus.memberInfo -->
    </test> <!-- Test -->
  </suite> <!-- Suite -->
</testng-results>
