<?xml version="1.0" encoding="UTF-8"?>
<testng-results total="1" passed="1" failed="0" skipped="0">
  <reporter-output>
  </reporter-output>
  <suite started-at="2018-02-07T00:59:49Z" name="Suite" finished-at="2018-02-07T01:11:32Z" duration-ms="702611">
    <groups>
    </groups>
    <test started-at="2018-02-07T00:59:49Z" name="Test" finished-at="2018-02-07T01:11:32Z" duration-ms="702611">
      <class name="aceCounterPlus.adminManage">
        <test-method is-config="true" signature="beforeTest(java.lang.String)[pri:0, instance:aceCounterPlus.adminManage@36ebc363]" started-at="2018-02-07T09:59:49Z" name="beforeTest" finished-at="2018-02-07T09:59:54Z" duration-ms="4816" status="PASS">
          <params>
            <param index="0">
              <value>
                <![CDATA[chrome]]>
              </value>
            </param>
          </params>
          <reporter-output>
          </reporter-output>
        </test-method> <!-- beforeTest -->
        <test-method signature="memoTest()[pri:7, instance:aceCounterPlus.adminManage@36ebc363]" started-at="2018-02-07T09:59:54Z" name="memoTest" finished-at="2018-02-07T10:11:32Z" duration-ms="697731" status="PASS">
          <reporter-output>
          </reporter-output>
        </test-method> <!-- memoTest -->
        <test-method is-config="true" signature="afterTest()[pri:0, instance:aceCounterPlus.adminManage@36ebc363]" started-at="2018-02-07T10:11:32Z" name="afterTest" finished-at="2018-02-07T10:11:32Z" duration-ms="59" status="PASS">
          <reporter-output>
          </reporter-output>
        </test-method> <!-- afterTest -->
      </class> <!-- aceCounterPlus.adminManage -->
    </test> <!-- Test -->
  </suite> <!-- Suite -->
</testng-results>
