<?xml version="1.0" encoding="UTF-8"?>
<testng-results ignored="0" total="1" passed="1" failed="0" skipped="0">
  <reporter-output>
  </reporter-output>
  <suite started-at="2018-05-23T02:56:28Z" name="Suite" finished-at="2018-05-23T02:56:57Z" duration-ms="28547">
    <groups>
    </groups>
    <test started-at="2018-05-23T02:56:28Z" name="Test" finished-at="2018-05-23T02:56:57Z" duration-ms="28547">
      <class name="aceCounterPlus.memberInfo">
        <test-method is-config="true" signature="beforeTest(java.lang.String)[pri:0, instance:aceCounterPlus.memberInfo@dd05255]" started-at="2018-05-23T11:56:28Z" name="beforeTest" finished-at="2018-05-23T11:56:34Z" duration-ms="5350" status="PASS">
          <params>
            <param index="0">
              <value>
                <![CDATA[firefox]]>
              </value>
            </param>
          </params>
          <reporter-output>
          </reporter-output>
        </test-method> <!-- beforeTest -->
        <test-method signature="memberInfoChange()[pri:0, instance:aceCounterPlus.memberInfo@dd05255]" started-at="2018-05-23T11:56:34Z" name="memberInfoChange" finished-at="2018-05-23T11:56:56Z" duration-ms="22759" status="PASS">
          <reporter-output>
          </reporter-output>
        </test-method> <!-- memberInfoChange -->
        <test-method is-config="true" signature="afterTest()[pri:0, instance:aceCounterPlus.memberInfo@dd05255]" started-at="2018-05-23T11:56:56Z" name="afterTest" finished-at="2018-05-23T11:56:57Z" duration-ms="430" status="PASS">
          <reporter-output>
          </reporter-output>
        </test-method> <!-- afterTest -->
      </class> <!-- aceCounterPlus.memberInfo -->
    </test> <!-- Test -->
  </suite> <!-- Suite -->
</testng-results>
