<?xml version="1.0" encoding="UTF-8"?>
<testng-results total="1" passed="1" failed="0" skipped="0">
  <reporter-output>
  </reporter-output>
  <suite started-at="2018-03-21T09:33:56Z" name="Suite" finished-at="2018-03-21T09:34:13Z" duration-ms="16855">
    <groups>
    </groups>
    <test started-at="2018-03-21T09:33:56Z" name="Test" finished-at="2018-03-21T09:34:13Z" duration-ms="16855">
      <class name="aceCounterPlus.signUp">
        <test-method is-config="true" signature="beforeTest(java.lang.String)[pri:0, instance:aceCounterPlus.signUp@c730b35]" started-at="2018-03-21T18:33:56Z" name="beforeTest" finished-at="2018-03-21T18:34:01Z" duration-ms="4792" status="PASS">
          <params>
            <param index="0">
              <value>
                <![CDATA[chrome]]>
              </value>
            </param>
          </params>
          <reporter-output>
          </reporter-output>
        </test-method> <!-- beforeTest -->
        <test-method signature="addMarketing()[pri:2, instance:aceCounterPlus.signUp@c730b35]" started-at="2018-03-21T18:34:01Z" name="addMarketing" finished-at="2018-03-21T18:34:13Z" duration-ms="12058" status="PASS">
          <reporter-output>
          </reporter-output>
        </test-method> <!-- addMarketing -->
        <test-method is-config="true" signature="afterTest()[pri:0, instance:aceCounterPlus.signUp@c730b35]" started-at="2018-03-21T18:34:13Z" name="afterTest" finished-at="2018-03-21T18:34:13Z" duration-ms="0" status="PASS">
          <reporter-output>
          </reporter-output>
        </test-method> <!-- afterTest -->
      </class> <!-- aceCounterPlus.signUp -->
    </test> <!-- Test -->
  </suite> <!-- Suite -->
</testng-results>
