<?xml version="1.0" encoding="UTF-8"?>
<testng-results total="1" passed="1" failed="0" skipped="0">
  <reporter-output>
  </reporter-output>
  <suite started-at="2018-01-26T08:34:01Z" name="Suite" finished-at="2018-01-26T08:34:12Z" duration-ms="11036">
    <groups>
    </groups>
    <test started-at="2018-01-26T08:34:01Z" name="Test" finished-at="2018-01-26T08:34:12Z" duration-ms="11036">
      <class name="aceCounterPlus.signUp">
        <test-method is-config="true" signature="beforeTest(java.lang.String)[pri:0, instance:aceCounterPlus.signUp@6c6cb480]" started-at="2018-01-26T17:34:01Z" name="beforeTest" finished-at="2018-01-26T17:34:07Z" duration-ms="5720" status="PASS">
          <params>
            <param index="0">
              <value>
                <![CDATA[chrome]]>
              </value>
            </param>
          </params>
          <reporter-output>
          </reporter-output>
        </test-method> <!-- beforeTest -->
        <test-method signature="login()[pri:0, instance:aceCounterPlus.signUp@6c6cb480]" started-at="2018-01-26T17:34:07Z" name="login" finished-at="2018-01-26T17:34:12Z" duration-ms="5242" status="PASS">
          <reporter-output>
          </reporter-output>
        </test-method> <!-- login -->
        <test-method is-config="true" signature="afterTest()[pri:0, instance:aceCounterPlus.signUp@6c6cb480]" started-at="2018-01-26T17:34:12Z" name="afterTest" finished-at="2018-01-26T17:34:12Z" duration-ms="67" status="PASS">
          <reporter-output>
          </reporter-output>
        </test-method> <!-- afterTest -->
      </class> <!-- aceCounterPlus.signUp -->
    </test> <!-- Test -->
  </suite> <!-- Suite -->
</testng-results>
