<?xml version="1.0" encoding="UTF-8"?>
<testsuite xmlns:xsi="http://www.w3.org/2001/XMLSchema-instance" xsi:noNamespaceSchemaLocation="https://maven.apache.org/surefire/maven-surefire-plugin/xsd/surefire-test-report.xsd" name="TestSuite" time="17.506" tests="2" errors="0" skipped="0" failures="1">
  <properties>
[...]
</properties>
  <testcase name="login" classname="aceCounterPlus.backOffice" time="2.71"/>
  <testcase name="setting" classname="aceCounterPlus.backOffice" time="9.19">
    <failure message="Element not found {.modal-content}&#10;Expected: visible" type="com.codeborne.selenide.ex.ElementNotFound">com.codeborne.selenide.ex.ElementNotFound: 
Element not found {.modal-content}
Expected: visible
	at aceCounterPlus.backOffice.setting(backOffice.java:182)
Caused by: org.openqa.selenium.NoSuchElementException: 
Unable to locate element: .modal-content
For documentation on this error, please visit: http://seleniumhq.org/exceptions/no_such_element.html
Build info: version: '3.6.0', revision: '6fbf3ec767', time: '2017-09-27T15:28:36.4Z'
System info: host: 'DESKTOP-DPN1ULJ', ip: '10.77.249.69', os.name: 'Windows 10', os.arch: 'amd64', os.version: '10.0', java.version: '9.0.1'
Driver info: org.openqa.selenium.remote.RemoteWebDriver
Capabilities [{moz:profile=C:\Users\최영권\AppData\Local\Temp\rust_mozprofile.zjGkCHb7wLEh, rotatable=false, timeouts={implicit=0, pageLoad=300000, script=30000}, pageLoadStrategy=normal, moz:headless=false, platform=XP, moz:accessibilityChecks=false, acceptInsecureCerts=true, browserVersion=57.0.4, platformVersion=10.0, moz:processID=14656, browserName=firefox, javascriptEnabled=true, platformName=XP, moz:webdriverClick=false}]
Session ID: ef3b5429-cc8a-460a-9307-edfabfd77467
*** Element info: {Using=css selector, value=.modal-content}
	at aceCounterPlus.backOffice.setting(backOffice.java:182)
</failure>
    <system-out><![CDATA[menu delete pass
]]></system-out>
  </testcase>
</testsuite>