<?xml version="1.0" encoding="UTF-8"?>
<testng-results total="1" passed="1" failed="0" skipped="0">
  <reporter-output>
  </reporter-output>
  <suite started-at="2018-05-10T03:01:07Z" name="Suite" finished-at="2018-05-10T03:06:15Z" duration-ms="307958">
    <groups>
    </groups>
    <test started-at="2018-05-10T03:01:07Z" name="Test" finished-at="2018-05-10T03:06:15Z" duration-ms="307958">
      <class name="aceCounterPlus.testScript">
        <test-method is-config="true" signature="beforeTest(java.lang.String)[pri:0, instance:aceCounterPlus.testScript@6025e1b6]" started-at="2018-05-10T12:01:07Z" name="beforeTest" finished-at="2018-05-10T12:01:13Z" duration-ms="5133" status="PASS">
          <params>
            <param index="0">
              <value>
                <![CDATA[firefox]]>
              </value>
            </param>
          </params>
          <reporter-output>
          </reporter-output>
        </test-method> <!-- beforeTest -->
        <test-method signature="파트너_담당자_추가()[pri:7, instance:aceCounterPlus.testScript@6025e1b6]" started-at="2018-05-10T12:01:13Z" name="파트너_담당자_추가" finished-at="2018-05-10T12:06:15Z" duration-ms="302547" status="PASS">
          <reporter-output>
          </reporter-output>
        </test-method> <!-- 파트너_담당자_추가 -->
        <test-method is-config="true" signature="afterTest()[pri:0, instance:aceCounterPlus.testScript@6025e1b6]" started-at="2018-05-10T12:06:15Z" name="afterTest" finished-at="2018-05-10T12:06:15Z" duration-ms="275" status="PASS">
          <reporter-output>
          </reporter-output>
        </test-method> <!-- afterTest -->
      </class> <!-- aceCounterPlus.testScript -->
    </test> <!-- Test -->
  </suite> <!-- Suite -->
</testng-results>
