<?xml version="1.0" encoding="UTF-8"?>
<testng-results total="2" passed="2" failed="0" skipped="0">
  <reporter-output>
  </reporter-output>
  <suite started-at="2018-01-30T07:04:19Z" name="Suite" finished-at="2018-01-30T07:17:48Z" duration-ms="809572">
    <groups>
    </groups>
    <test started-at="2018-01-30T07:04:19Z" name="Test" finished-at="2018-01-30T07:17:48Z" duration-ms="809572">
      <class name="aceCounterPlus.adminManage">
        <test-method is-config="true" signature="beforeTest(java.lang.String)[pri:0, instance:aceCounterPlus.adminManage@22555ebf]" started-at="2018-01-30T16:04:19Z" name="beforeTest" finished-at="2018-01-30T16:04:23Z" duration-ms="4449" status="PASS">
          <params>
            <param index="0">
              <value>
                <![CDATA[firefox]]>
              </value>
            </param>
          </params>
          <reporter-output>
          </reporter-output>
        </test-method> <!-- beforeTest -->
        <test-method signature="login()[pri:0, instance:aceCounterPlus.adminManage@22555ebf]" started-at="2018-01-30T16:04:23Z" name="login" finished-at="2018-01-30T16:04:27Z" duration-ms="4377" status="PASS">
          <reporter-output>
          </reporter-output>
        </test-method> <!-- login -->
        <test-method signature="testMethod()[pri:6, instance:aceCounterPlus.adminManage@22555ebf]" started-at="2018-01-30T16:04:27Z" name="testMethod" finished-at="2018-01-30T16:17:48Z" duration-ms="800090" status="PASS">
          <reporter-output>
          </reporter-output>
        </test-method> <!-- testMethod -->
        <test-method is-config="true" signature="afterTest()[pri:0, instance:aceCounterPlus.adminManage@22555ebf]" started-at="2018-01-30T16:17:48Z" name="afterTest" finished-at="2018-01-30T16:17:48Z" duration-ms="652" status="PASS">
          <reporter-output>
          </reporter-output>
        </test-method> <!-- afterTest -->
      </class> <!-- aceCounterPlus.adminManage -->
    </test> <!-- Test -->
  </suite> <!-- Suite -->
</testng-results>
