<?xml version="1.0" encoding="UTF-8"?>
<testng-results total="1" passed="1" failed="0" skipped="0">
  <reporter-output>
  </reporter-output>
  <suite started-at="2018-04-03T01:13:04Z" name="Suite" finished-at="2018-04-03T01:13:16Z" duration-ms="12665">
    <groups>
    </groups>
    <test started-at="2018-04-03T01:13:04Z" name="Test" finished-at="2018-04-03T01:13:16Z" duration-ms="12665">
      <class name="aceCounterPlus.signUp">
        <test-method is-config="true" signature="beforeTest(java.lang.String)[pri:0, instance:aceCounterPlus.signUp@23348b5d]" started-at="2018-04-03T10:13:04Z" name="beforeTest" finished-at="2018-04-03T10:13:09Z" duration-ms="5040" status="PASS">
          <params>
            <param index="0">
              <value>
                <![CDATA[firefox]]>
              </value>
            </param>
          </params>
          <reporter-output>
          </reporter-output>
        </test-method> <!-- beforeTest -->
        <test-method signature="changePassword()[pri:1, instance:aceCounterPlus.signUp@23348b5d]" started-at="2018-04-03T10:13:09Z" name="changePassword" finished-at="2018-04-03T10:13:16Z" duration-ms="7264" status="PASS">
          <reporter-output>
          </reporter-output>
        </test-method> <!-- changePassword -->
        <test-method is-config="true" signature="afterTest()[pri:0, instance:aceCounterPlus.signUp@23348b5d]" started-at="2018-04-03T10:13:16Z" name="afterTest" finished-at="2018-04-03T10:13:16Z" duration-ms="353" status="PASS">
          <reporter-output>
          </reporter-output>
        </test-method> <!-- afterTest -->
      </class> <!-- aceCounterPlus.signUp -->
    </test> <!-- Test -->
  </suite> <!-- Suite -->
</testng-results>
